<?xml version="1.0" encoding="UTF-8"?>
<testsuite name="RFI_Form_0009"
           tests="1"
           failures="1"
           errors="0"
           skipped="0"
           time="45.188">
  <properties />
            <testcase name="RFI_Form_0009Test" time="45.188" classname="testCases.ModuleRFI.RFI_Form_0009">
                <failure type="org.openqa.selenium.InvalidSelectorException"
                  message="The given selector mt5 pp_supName is either invalid or does not result in a WebElement. The following error occurred:
InvalidSelectorError: Compound class names not permitted
Command duration or timeout: 791 milliseconds
For documentation on this error, please visit: http://seleniumhq.org/exceptions/invalid_selector_exception.html
Build info: version: &apos;unknown&apos;, revision: &apos;1969d75&apos;, time: &apos;2016-10-18 09:43:45 -0700&apos;
System info: host: &apos;C111400215M4232&apos;, ip: &apos;192.168.87.55&apos;, os.name: &apos;Windows 10&apos;, os.arch: &apos;amd64&apos;, os.version: &apos;10.0&apos;, java.version: &apos;1.8.0_151&apos;
Driver info: org.openqa.selenium.firefox.FirefoxDriver
Capabilities [{applicationCacheEnabled=true, rotatable=false, handlesAlerts=true, databaseEnabled=true, version=47.0.1, platform=WINDOWS, nativeEvents=false, acceptSslCerts=true, webStorageEnabled=true, locationContextEnabled=true, browserName=firefox, takesScreenshot=true, javascriptEnabled=true, cssSelectorsEnabled=true}]
Session ID: 214f07b4-aa5f-42af-b03b-d3b655f3da46
*** Element info: {Using=class name, value=mt5 pp_supName}"
              >
<![CDATA[org.openqa.selenium.InvalidSelectorException: The given selector mt5 pp_supName is either invalid or does not result in a WebElement. The following error occurred:
InvalidSelectorError: Compound class names not permitted
Command duration or timeout: 791 milliseconds
For documentation on this error, please visit: http://seleniumhq.org/exceptions/invalid_selector_exception.html
Build info: version: 'unknown', revision: '1969d75', time: '2016-10-18 09:43:45 -0700'
System info: host: 'C111400215M4232', ip: '192.168.87.55', os.name: 'Windows 10', os.arch: 'amd64', os.version: '10.0', java.version: '1.8.0_151'
Driver info: org.openqa.selenium.firefox.FirefoxDriver
Capabilities [{applicationCacheEnabled=true, rotatable=false, handlesAlerts=true, databaseEnabled=true, version=47.0.1, platform=WINDOWS, nativeEvents=false, acceptSslCerts=true, webStorageEnabled=true, locationContextEnabled=true, browserName=firefox, takesScreenshot=true, javascriptEnabled=true, cssSelectorsEnabled=true}]
Session ID: 214f07b4-aa5f-42af-b03b-d3b655f3da46
*** Element info: {Using=class name, value=mt5 pp_supName}
  sun.reflect.NativeConstructorAccessorImpl.newInstance0(Native Method)
  sun.reflect.NativeConstructorAccessorImpl.newInstance(Unknown Source)
  sun.reflect.DelegatingConstructorAccessorImpl.newInstance(Unknown Source)
  java.lang.reflect.Constructor.newInstance(Unknown Source)
  org.openqa.selenium.remote.ErrorHandler.createThrowable(ErrorHandler.java:216)
  org.openqa.selenium.remote.ErrorHandler.throwIfResponseFailed(ErrorHandler.java:168)
  org.openqa.selenium.remote.RemoteWebDriver.execute(RemoteWebDriver.java:635)
  org.openqa.selenium.remote.RemoteWebDriver.findElement(RemoteWebDriver.java:368)
  org.openqa.selenium.remote.RemoteWebDriver.findElementByClassName(RemoteWebDriver.java:457)
  org.openqa.selenium.By$ByClassName.findElement(By.java:391)
  org.openqa.selenium.remote.RemoteWebDriver.findElement(RemoteWebDriver.java:360)
  pageObjects.InquiryForm_Page.check_PPVerSuppIsMatch(InquiryForm_Page.java:300)
  testCases.ModuleRFI.RFI_Form_0009.RFI_Form_0009Test(RFI_Form_0009.java:218)
  sun.reflect.NativeMethodAccessorImpl.invoke0(Native Method)
  sun.reflect.NativeMethodAccessorImpl.invoke(Unknown Source)
  sun.reflect.DelegatingMethodAccessorImpl.invoke(Unknown Source)
  java.lang.reflect.Method.invoke(Unknown Source)
  org.testng.internal.MethodInvocationHelper.invokeMethod(MethodInvocationHelper.java:104)
  org.testng.internal.Invoker.invokeMethod(Invoker.java:645)
  org.testng.internal.Invoker.invokeTestMethod(Invoker.java:851)
  org.testng.internal.Invoker.invokeTestMethods(Invoker.java:1177)
  org.testng.internal.TestMethodWorker.invokeTestMethods(TestMethodWorker.java:129)
  org.testng.internal.TestMethodWorker.run(TestMethodWorker.java:112)
  org.testng.TestRunner.privateRun(TestRunner.java:756)
  org.testng.TestRunner.run(TestRunner.java:610)
  org.testng.SuiteRunner.runTest(SuiteRunner.java:387)
  org.testng.SuiteRunner.runSequentially(SuiteRunner.java:382)
  org.testng.SuiteRunner.privateRun(SuiteRunner.java:340)
  org.testng.SuiteRunner.run(SuiteRunner.java:289)
  org.testng.SuiteRunnerWorker.runSuite(SuiteRunnerWorker.java:52)
  org.testng.SuiteRunnerWorker.run(SuiteRunnerWorker.java:86)
  org.testng.TestNG.runSuitesSequentially(TestNG.java:1293)
  org.testng.TestNG.runSuitesSequentially(TestNG.java:1289)
  org.testng.TestNG.runSuitesLocally(TestNG.java:1218)
  org.testng.TestNG.runSuites(TestNG.java:1133)
  org.testng.TestNG.run(TestNG.java:1104)
  org.testng.TestNG.privateMain(TestNG.java:1434)
  org.testng.TestNG.main(TestNG.java:1403)
Caused by: org.openqa.selenium.InvalidSelectorException: The given selector mt5 pp_supName is either invalid or does not result in a WebElement. The following error occurred:
InvalidSelectorError: Compound class names not permitted
For documentation on this error, please visit: http://seleniumhq.org/exceptions/invalid_selector_exception.html
Build info: version: 'unknown', revision: '1969d75', time: '2016-10-18 09:43:45 -0700'
System info: host: 'C111400215M4232', ip: '192.168.87.55', os.name: 'Windows 10', os.arch: 'amd64', os.version: '10.0', java.version: '1.8.0_151'
Driver info: driver.version: unknown
  <anonymous class>.FirefoxDriver.annotateInvalidSelectorError_(file:///C:/Users/TENGSH~1/AppData/Local/Temp/anonymous5762647055896797362webdriver-profile/extensions/fxdriver@googlecode.com/components/driver-component.js:11161)
  <anonymous class>.FirefoxDriver.prototype.findElementInternal_(file:///C:/Users/TENGSH~1/AppData/Local/Temp/anonymous5762647055896797362webdriver-profile/extensions/fxdriver@googlecode.com/components/driver-component.js:11192)
  <anonymous class>.FirefoxDriver.prototype.findElement(file:///C:/Users/TENGSH~1/AppData/Local/Temp/anonymous5762647055896797362webdriver-profile/extensions/fxdriver@googlecode.com/components/driver-component.js:11196)
  <anonymous class>.DelayedCommand.prototype.executeInternal_/h(file:///C:/Users/TENGSH~1/AppData/Local/Temp/anonymous5762647055896797362webdriver-profile/extensions/fxdriver@googlecode.com/components/command-processor.js:12705)
  <anonymous class>.DelayedCommand.prototype.executeInternal_(file:///C:/Users/TENGSH~1/AppData/Local/Temp/anonymous5762647055896797362webdriver-profile/extensions/fxdriver@googlecode.com/components/command-processor.js:12710)
  <anonymous class>.DelayedCommand.prototype.execute/<(file:///C:/Users/TENGSH~1/AppData/Local/Temp/anonymous5762647055896797362webdriver-profile/extensions/fxdriver@googlecode.com/components/command-processor.js:12652)
]]>
      </failure>

          </testcase>
  
  
  
</testsuite>
