<?xml version="1.0" encoding="UTF-8"?>
<!-- Generated by org.testng.reporters.JUnitXMLReporter -->
<testsuite hostname="C111400215M4232" ignored="0" name="RFS_BuyerProfile_0005" tests="1" failures="1" timestamp="28 Feb 2017 05:52:46 GMT" time="50.665" errors="0">
  <testcase name="RFS_BuyerProfile_0005Test" time="37.954" classname="testCases.ModuleUserAcc.RFS_BuyerProfile_0005">
    <failure type="org.openqa.selenium.TimeoutException" message="Expected condition failed: waiting for element to be clickable: By.xpath: //*[contains(@class, &amp;apos;helpTourPopup none&amp;apos;)] (tried for 20 second(s) with 500 MILLISECONDS interval)
Build info: version: &amp;apos;unknown&amp;apos;, revision: &amp;apos;1969d75&amp;apos;, time: &amp;apos;2016-10-18 09:43:45 -0700&amp;apos;
System info: host: &amp;apos;C111400215M4232&amp;apos;, ip: &amp;apos;192.168.87.55&amp;apos;, os.name: &amp;apos;Windows 10&amp;apos;, os.arch: &amp;apos;amd64&amp;apos;, os.version: &amp;apos;10.0&amp;apos;, java.version: &amp;apos;1.8.0_121&amp;apos;
Driver info: org.openqa.selenium.firefox.FirefoxDriver
Capabilities [{applicationCacheEnabled=true, rotatable=false, handlesAlerts=true, databaseEnabled=true, version=47.0.1, platform=WINDOWS, nativeEvents=false, acceptSslCerts=true, webStorageEnabled=true, locationContextEnabled=true, browserName=firefox, takesScreenshot=true, javascriptEnabled=true, cssSelectorsEnabled=true}]
Session ID: 49188381-3c69-4898-9992-0b1de51ec33f">
      <![CDATA[org.openqa.selenium.TimeoutException: Expected condition failed: waiting for element to be clickable: By.xpath: //*[contains(@class, 'helpTourPopup none')] (tried for 20 second(s) with 500 MILLISECONDS interval)
Build info: version: 'unknown', revision: '1969d75', time: '2016-10-18 09:43:45 -0700'
System info: host: 'C111400215M4232', ip: '192.168.87.55', os.name: 'Windows 10', os.arch: 'amd64', os.version: '10.0', java.version: '1.8.0_121'
Driver info: org.openqa.selenium.firefox.FirefoxDriver
Capabilities [{applicationCacheEnabled=true, rotatable=false, handlesAlerts=true, databaseEnabled=true, version=47.0.1, platform=WINDOWS, nativeEvents=false, acceptSslCerts=true, webStorageEnabled=true, locationContextEnabled=true, browserName=firefox, takesScreenshot=true, javascriptEnabled=true, cssSelectorsEnabled=true}]
Session ID: 49188381-3c69-4898-9992-0b1de51ec33f
	at org.openqa.selenium.support.ui.WebDriverWait.timeoutException(WebDriverWait.java:80)
	at org.openqa.selenium.support.ui.FluentWait.until(FluentWait.java:265)
	at pageObjects.ProductListing_Page.btn_closeHelpTourOverlay(ProductListing_Page.java:55)
	at appModules.ProductInquiry_Action.ExecuteSearchByProducts(ProductInquiry_Action.java:78)
	at appModules.ProductInquiry_Action.ExecuteReqForSample_SglVerPdt(ProductInquiry_Action.java:537)
	at testCases.ModuleUserAcc.RFS_BuyerProfile_0005.RFS_BuyerProfile_0005Test(RFS_BuyerProfile_0005.java:178)
... Removed 26 stack frames]]>
    </failure>
  </testcase> <!-- RFS_BuyerProfile_0005Test -->
</testsuite> <!-- RFS_BuyerProfile_0005 -->
