<?xml version="1.0" encoding="UTF-8"?>
<!-- Generated by org.testng.reporters.JUnitXMLReporter -->
<testsuite hostname="C111400215M4232" ignored="0" name="RFI_Form_0009" tests="1" failures="1" timestamp="28 Feb 2017 05:44:15 GMT" time="67.658" errors="0">
  <testcase name="RFI_Form_0009Test" time="54.899" classname="testCases.ModuleRFI.RFI_Form_0009">
    <failure type="org.openqa.selenium.ElementNotVisibleException" message="Element is not currently visible and so may not be interacted with
Command duration or timeout: 20.18 seconds
Build info: version: &amp;apos;unknown&amp;apos;, revision: &amp;apos;1969d75&amp;apos;, time: &amp;apos;2016-10-18 09:43:45 -0700&amp;apos;
System info: host: &amp;apos;C111400215M4232&amp;apos;, ip: &amp;apos;192.168.87.55&amp;apos;, os.name: &amp;apos;Windows 10&amp;apos;, os.arch: &amp;apos;amd64&amp;apos;, os.version: &amp;apos;10.0&amp;apos;, java.version: &amp;apos;1.8.0_121&amp;apos;
Driver info: org.openqa.selenium.firefox.FirefoxDriver
Capabilities [{applicationCacheEnabled=true, rotatable=false, handlesAlerts=true, databaseEnabled=true, version=47.0.1, platform=WINDOWS, nativeEvents=false, acceptSslCerts=true, webStorageEnabled=true, locationContextEnabled=true, browserName=firefox, takesScreenshot=true, javascriptEnabled=true, cssSelectorsEnabled=true}]
Session ID: 3f347dd7-4bf4-4af9-990d-61e6d5109900">
      <![CDATA[org.openqa.selenium.ElementNotVisibleException: Element is not currently visible and so may not be interacted with
Command duration or timeout: 20.18 seconds
Build info: version: 'unknown', revision: '1969d75', time: '2016-10-18 09:43:45 -0700'
System info: host: 'C111400215M4232', ip: '192.168.87.55', os.name: 'Windows 10', os.arch: 'amd64', os.version: '10.0', java.version: '1.8.0_121'
Driver info: org.openqa.selenium.firefox.FirefoxDriver
Capabilities [{applicationCacheEnabled=true, rotatable=false, handlesAlerts=true, databaseEnabled=true, version=47.0.1, platform=WINDOWS, nativeEvents=false, acceptSslCerts=true, webStorageEnabled=true, locationContextEnabled=true, browserName=firefox, takesScreenshot=true, javascriptEnabled=true, cssSelectorsEnabled=true}]
Session ID: 3f347dd7-4bf4-4af9-990d-61e6d5109900
	at org.openqa.selenium.remote.ErrorHandler.createThrowable(ErrorHandler.java:216)
	at org.openqa.selenium.remote.ErrorHandler.throwIfResponseFailed(ErrorHandler.java:168)
	at org.openqa.selenium.remote.RemoteWebDriver.execute(RemoteWebDriver.java:635)
	at org.openqa.selenium.remote.RemoteWebElement.execute(RemoteWebElement.java:274)
	at org.openqa.selenium.remote.RemoteWebElement.click(RemoteWebElement.java:84)
	at pageObjects.ProductListing_Page.btn_clickInqNowOnRolloverImagePdtListTab(ProductListing_Page.java:2049)
	at testCases.ModuleRFI.RFI_Form_0009.RFI_Form_0009Test(RFI_Form_0009.java:194)
Caused by: org.openqa.selenium.ElementNotVisibleException: Element is not currently visible and so may not be interacted with
Build info: version: 'unknown', revision: '1969d75', time: '2016-10-18 09:43:45 -0700'
System info: host: 'C111400215M4232', ip: '192.168.87.55', os.name: 'Windows 10', os.arch: 'amd64', os.version: '10.0', java.version: '1.8.0_121'
Driver info: driver.version: unknown
	at <anonymous class>.fxdriver.preconditions.visible(file:///C:/Users/TENGSH~1/AppData/Local/Temp/anonymous7707358209905425042webdriver-profile/extensions/fxdriver@googlecode.com/components/command-processor.js:10716)
	at <anonymous class>.DelayedCommand.prototype.checkPreconditions_(file:///C:/Users/TENGSH~1/AppData/Local/Temp/anonymous7707358209905425042webdriver-profile/extensions/fxdriver@googlecode.com/components/command-processor.js:12688)
	at <anonymous class>.DelayedCommand.prototype.executeInternal_/h(file:///C:/Users/TENGSH~1/AppData/Local/Temp/anonymous7707358209905425042webdriver-profile/extensions/fxdriver@googlecode.com/components/command-processor.js:12705)
	at <anonymous class>.fxdriver.Timer.prototype.setTimeout/<.notify(file:///C:/Users/TENGSH~1/AppData/Local/Temp/anonymous7707358209905425042webdriver-profile/extensions/fxdriver@googlecode.com/components/command-processor.js:720)
... Removed 30 stack frames]]>
    </failure>
  </testcase> <!-- RFI_Form_0009Test -->
</testsuite> <!-- RFI_Form_0009 -->
