<?xml version="1.0" encoding="UTF-8"?>
<!-- Generated by org.testng.reporters.JUnitXMLReporter -->
<testsuite hostname="C111400215M4232" ignored="0" name="InqFlowLI1_PdtInq_0006" tests="1" failures="1" timestamp="07 Feb 2017 08:23:40 GMT" time="85.504" errors="0">
  <testcase name="InqFlowLI1_PdtInq_0006Test" time="73.854" classname="testCases.ModuleRFI.InqFlowLI1_PdtInq_0006">
    <failure type="org.openqa.selenium.NoSuchElementException" message="Unable to locate element: {&amp;quot;method&amp;quot;:&amp;quot;xpath&amp;quot;,&amp;quot;selector&amp;quot;:&amp;quot;(//*[contains(@class, &amp;apos;majorPP_inquire&amp;apos;)]//a[contains(text(),&amp;apos;Inquire Now&amp;apos;)])[position()=1]&amp;quot;}
Command duration or timeout: 20.12 seconds
For documentation on this error, please visit: http://seleniumhq.org/exceptions/no_such_element.html
Build info: version: &amp;apos;unknown&amp;apos;, revision: &amp;apos;1969d75&amp;apos;, time: &amp;apos;2016-10-18 09:43:45 -0700&amp;apos;
System info: host: &amp;apos;C111400215M4232&amp;apos;, ip: &amp;apos;192.168.87.55&amp;apos;, os.name: &amp;apos;Windows 10&amp;apos;, os.arch: &amp;apos;amd64&amp;apos;, os.version: &amp;apos;10.0&amp;apos;, java.version: &amp;apos;1.8.0_121&amp;apos;
Driver info: org.openqa.selenium.firefox.FirefoxDriver
Capabilities [{applicationCacheEnabled=true, rotatable=false, handlesAlerts=true, databaseEnabled=true, version=37.0, platform=WINDOWS, nativeEvents=false, acceptSslCerts=true, webStorageEnabled=true, locationContextEnabled=true, browserName=firefox, takesScreenshot=true, javascriptEnabled=true, cssSelectorsEnabled=true}]
Session ID: dd0efe22-4495-4aeb-9a18-2b85c6a53727
*** Element info: {Using=xpath, value=(//*[contains(@class, &amp;apos;majorPP_inquire&amp;apos;)]//a[contains(text(),&amp;apos;Inquire Now&amp;apos;)])[position()=1]}">
      <![CDATA[org.openqa.selenium.NoSuchElementException: Unable to locate element: {"method":"xpath","selector":"(//*[contains(@class, 'majorPP_inquire')]//a[contains(text(),'Inquire Now')])[position()=1]"}
Command duration or timeout: 20.12 seconds
For documentation on this error, please visit: http://seleniumhq.org/exceptions/no_such_element.html
Build info: version: 'unknown', revision: '1969d75', time: '2016-10-18 09:43:45 -0700'
System info: host: 'C111400215M4232', ip: '192.168.87.55', os.name: 'Windows 10', os.arch: 'amd64', os.version: '10.0', java.version: '1.8.0_121'
Driver info: org.openqa.selenium.firefox.FirefoxDriver
Capabilities [{applicationCacheEnabled=true, rotatable=false, handlesAlerts=true, databaseEnabled=true, version=37.0, platform=WINDOWS, nativeEvents=false, acceptSslCerts=true, webStorageEnabled=true, locationContextEnabled=true, browserName=firefox, takesScreenshot=true, javascriptEnabled=true, cssSelectorsEnabled=true}]
Session ID: dd0efe22-4495-4aeb-9a18-2b85c6a53727
*** Element info: {Using=xpath, value=(//*[contains(@class, 'majorPP_inquire')]//a[contains(text(),'Inquire Now')])[position()=1]}
	at org.openqa.selenium.remote.ErrorHandler.createThrowable(ErrorHandler.java:216)
	at org.openqa.selenium.remote.ErrorHandler.throwIfResponseFailed(ErrorHandler.java:168)
	at org.openqa.selenium.remote.RemoteWebDriver.execute(RemoteWebDriver.java:635)
	at org.openqa.selenium.remote.RemoteWebDriver.findElement(RemoteWebDriver.java:368)
	at org.openqa.selenium.remote.RemoteWebDriver.findElementByXPath(RemoteWebDriver.java:473)
	at org.openqa.selenium.By$ByXPath.findElement(By.java:361)
	at org.openqa.selenium.remote.RemoteWebDriver.findElement(RemoteWebDriver.java:360)
	at pageObjects.ProductListing_Page.btn_clickInqNowForVerPdtAtInqBar(ProductListing_Page.java:1219)
	at appModules.ProductInquiry_Action.ExecuteInqNow_MulVerPdt_MulCat(ProductInquiry_Action.java:357)
	at testCases.ModuleRFI.InqFlowLI1_PdtInq_0006.InqFlowLI1_PdtInq_0006Test(InqFlowLI1_PdtInq_0006.java:187)
Caused by: org.openqa.selenium.NoSuchElementException: Unable to locate element: {"method":"xpath","selector":"(//*[contains(@class, 'majorPP_inquire')]//a[contains(text(),'Inquire Now')])[position()=1]"}
For documentation on this error, please visit: http://seleniumhq.org/exceptions/no_such_element.html
Build info: version: 'unknown', revision: '1969d75', time: '2016-10-18 09:43:45 -0700'
System info: host: 'C111400215M4232', ip: '192.168.87.55', os.name: 'Windows 10', os.arch: 'amd64', os.version: '10.0', java.version: '1.8.0_121'
Driver info: driver.version: unknown
	at <anonymous class>.FirefoxDriver.prototype.findElementInternal_(file:///C:/Users/TENGSH~1/AppData/Local/Temp/anonymous3223486439911309008webdriver-profile/extensions/fxdriver@googlecode.com/components/driver-component.js:11187)
	at <anonymous class>.fxdriver.Timer.prototype.setTimeout/<.notify(file:///C:/Users/TENGSH~1/AppData/Local/Temp/anonymous3223486439911309008webdriver-profile/extensions/fxdriver@googlecode.com/components/driver-component.js:792)
... Removed 30 stack frames]]>
    </failure>
  </testcase> <!-- InqFlowLI1_PdtInq_0006Test -->
</testsuite> <!-- InqFlowLI1_PdtInq_0006 -->
